<?xml version="1.0" encoding="UTF-8"?>
<!-- Generated by org.testng.reporters.JUnitReportReporter -->
<testsuite hostname="Bahamut.local" failures="0" tests="1" name="saucedemo.LoginTest" time="1.664" errors="0" timestamp="2020-11-28T16:07:53 CST" skipped="0">
  <testcase classname="saucedemo.LoginTest" name="loginTest" time="1.664"/>
  <system-out/>
</testsuite> <!-- saucedemo.LoginTest -->
